<?xml version="1.0" encoding="UTF-8"?>
<testsuite name="ru.swt.addressbook.tests.groups.GroupDeletionTests" tests="1" skipped="1" failures="0" errors="0" timestamp="2021-02-12T05:17:21" hostname="COMP3194" time="0.0">
  <properties/>
  <testcase name="testGroupDelete" classname="ru.swt.addressbook.tests.groups.GroupDeletionTests" time="0.0">
    <skipped/>
  </testcase>
  <system-out><![CDATA[12:17:21.773 [Test worker] INFO  ru.swt.addressbook.tests.TestBase - Stop test testGroupDeletewith parameters[]
]]></system-out>
  <system-err><![CDATA[]]></system-err>
</testsuite>
